<?xml version="1.0" encoding="UTF-8"?>
<!-- Generated by org.testng.reporters.JUnitXMLReporter -->
<testsuite hostname="user-PC" ignored="0" name="test" tests="4" failures="2" timestamp="2023-07-18T10:46:37 IST" time="78.191" errors="0">
  <testcase name="testLogin" time="25.133" classname="testCases.LoginDataDrivenTest">
    <failure type="java.lang.AssertionError" message="expected [true] but found [false]">
      <![CDATA[java.lang.AssertionError: expected [true] but found [false]
at testCases.LoginDataDrivenTest.testLogin(LoginDataDrivenTest.java:62)
at java.util.ArrayList.forEach(ArrayList.java:1257)
... Removed 35 stack frames]]>
    </failure>
  </testcase> <!-- testLogin -->
  <testcase name="testLogin" time="6.121" classname="testCases.LoginDataDrivenTest">
    <failure type="java.lang.AssertionError" message="expected [true] but found [false]">
      <![CDATA[java.lang.AssertionError: expected [true] but found [false]
at testCases.LoginDataDrivenTest.testLogin(LoginDataDrivenTest.java:62)
at java.util.ArrayList.forEach(ArrayList.java:1257)
... Removed 35 stack frames]]>
    </failure>
  </testcase> <!-- testLogin -->
  <testcase name="testLogin" time="13.488" classname="testCases.LoginDataDrivenTest"/>
  <testcase name="testLogin" time="13.54" classname="testCases.LoginDataDrivenTest"/>
</testsuite> <!-- test -->
